# JRE version: Java(TM) SE Runtime Environment (8.0_45-b14) (build 1.8.0_45-b14)
# Java VM: Java HotSpot(TM) 64-Bit Server VM (25.45-b02 mixed mode bsd-amd64 compressed oops)
Heap:
 PSYoungGen      total 141824K, used 57755K [0x000000076ab00000, 0x000000077c780000, 0x00000007c0000000)
  eden space 131072K, 37% used [0x000000076ab00000,0x000000076dadfef8,0x0000000772b00000)
  from space 10752K, 81% used [0x0000000772b00000,0x0000000773386da8,0x0000000773580000)
  to   space 27648K, 0% used [0x000000077ac80000,0x000000077ac80000,0x000000077c780000)
 ParOldGen       total 189952K, used 86962K [0x00000006c0000000, 0x00000006cb980000, 0x000000076ab00000)
  object space 189952K, 45% used [0x00000006c0000000,0x00000006c54ec838,0x00000006cb980000)
 Metaspace       used 21287K, capacity 22370K, committed 22528K, reserved 1069056K
  class space    used 2987K, capacity 3239K, committed 3328K, reserved 1048576K
GC Heap History (10 events):
Event: 1.876 GC heap before
{Heap before GC invocations=2 (full 0):
 PSYoungGen      total 76288K, used 66874K [0x000000076ab00000, 0x0000000770000000, 0x00000007c0000000)
  eden space 65536K, 94% used [0x000000076ab00000,0x000000076e736b58,0x000000076eb00000)
  from space 10752K, 48% used [0x000000076eb00000,0x000000076f018020,0x000000076f580000)
  to   space 10752K, 0% used [0x000000076f580000,0x000000076f580000,0x0000000770000000)
 ParOldGen       total 175104K, used 80K [0x00000006c0000000, 0x00000006cab00000, 0x000000076ab00000)
  object space 175104K, 0% used [0x00000006c0000000,0x00000006c0014010,0x00000006cab00000)
 Metaspace       used 19346K, capacity 20284K, committed 20480K, reserved 1067008K
  class space    used 2841K, capacity 3068K, committed 3072K, reserved 1048576K
Event: 1.886 GC heap after
Heap after GC invocations=2 (full 0):
 PSYoungGen      total 76288K, used 10744K [0x000000076ab00000, 0x0000000770000000, 0x00000007c0000000)
  eden space 65536K, 0% used [0x000000076ab00000,0x000000076ab00000,0x000000076eb00000)
  from space 10752K, 99% used [0x000000076f580000,0x000000076fffe0a8,0x0000000770000000)
  to   space 10752K, 0% used [0x000000076eb00000,0x000000076eb00000,0x000000076f580000)
 ParOldGen       total 175104K, used 18619K [0x00000006c0000000, 0x00000006cab00000, 0x000000076ab00000)
  object space 175104K, 10% used [0x00000006c0000000,0x00000006c122eef0,0x00000006cab00000)
 Metaspace       used 19346K, capacity 20284K, committed 20480K, reserved 1067008K
  class space    used 2841K, capacity 3068K, committed 3072K, reserved 1048576K
}
Event: 1.980 GC heap before
{Heap before GC invocations=3 (full 0):
 PSYoungGen      total 76288K, used 71983K [0x000000076ab00000, 0x0000000770000000, 0x00000007c0000000)
  eden space 65536K, 93% used [0x000000076ab00000,0x000000076e6cdc08,0x000000076eb00000)
  from space 10752K, 99% used [0x000000076f580000,0x000000076fffe0a8,0x0000000770000000)
  to   space 10752K, 0% used [0x000000076eb00000,0x000000076eb00000,0x000000076f580000)
 ParOldGen       total 175104K, used 24467K [0x00000006c0000000, 0x00000006cab00000, 0x000000076ab00000)
  object space 175104K, 13% used [0x00000006c0000000,0x00000006c17e4eb8,0x00000006cab00000)
 Metaspace       used 19380K, capacity 20308K, committed 20480K, reserved 1067008K
  class space    used 2844K, capacity 3072K, committed 3072K, reserved 1048576K
Event: 2.001 GC heap after
Heap after GC invocations=3 (full 0):
 PSYoungGen      total 76288K, used 10672K [0x000000076ab00000, 0x0000000774000000, 0x00000007c0000000)
  eden space 65536K, 0% used [0x000000076ab00000,0x000000076ab00000,0x000000076eb00000)
  from space 10752K, 99% used [0x000000076eb00000,0x000000076f56c028,0x000000076f580000)
  to   space 10752K, 0% used [0x0000000773580000,0x0000000773580000,0x0000000774000000)
 ParOldGen       total 175104K, used 74354K [0x00000006c0000000, 0x00000006cab00000, 0x000000076ab00000)
  object space 175104K, 42% used [0x00000006c0000000,0x00000006c489ca98,0x00000006cab00000)
 Metaspace       used 19380K, capacity 20308K, committed 20480K, reserved 1067008K
  class space    used 2844K, capacity 3072K, committed 3072K, reserved 1048576K
}
Event: 3.141 GC heap before
{Heap before GC invocations=4 (full 0):
 PSYoungGen      total 76288K, used 57888K [0x000000076ab00000, 0x0000000774000000, 0x00000007c0000000)
  eden space 65536K, 72% used [0x000000076ab00000,0x000000076d91c080,0x000000076eb00000)
  from space 10752K, 99% used [0x000000076eb00000,0x000000076f56c028,0x000000076f580000)
  to   space 10752K, 0% used [0x0000000773580000,0x0000000773580000,0x0000000774000000)
 ParOldGen       total 175104K, used 74354K [0x00000006c0000000, 0x00000006cab00000, 0x000000076ab00000)
  object space 175104K, 42% used [0x00000006c0000000,0x00000006c489ca98,0x00000006cab00000)
 Metaspace       used 20076K, capacity 21076K, committed 21248K, reserved 1067008K
  class space    used 2951K, capacity 3214K, committed 3328K, reserved 1048576K
Event: 3.155 GC heap after
Heap after GC invocations=4 (full 0):
 PSYoungGen      total 141824K, used 10606K [0x000000076ab00000, 0x0000000774000000, 0x00000007c0000000)
  eden space 131072K, 0% used [0x000000076ab00000,0x000000076ab00000,0x0000000772b00000)
  from space 10752K, 98% used [0x0000000773580000,0x0000000773fdbba8,0x0000000774000000)
  to   space 10752K, 0% used [0x0000000772b00000,0x0000000772b00000,0x0000000773580000)
 ParOldGen       total 175104K, used 110519K [0x00000006c0000000, 0x00000006cab00000, 0x000000076ab00000)
  object space 175104K, 63% used [0x00000006c0000000,0x00000006c6bede28,0x00000006cab00000)
 Metaspace       used 20076K, capacity 21076K, committed 21248K, reserved 1067008K
  class space    used 2951K, capacity 3214K, committed 3328K, reserved 1048576K
}
Event: 3.156 GC heap before
{Heap before GC invocations=5 (full 1):
 PSYoungGen      total 141824K, used 10606K [0x000000076ab00000, 0x0000000774000000, 0x00000007c0000000)
  eden space 131072K, 0% used [0x000000076ab00000,0x000000076ab00000,0x0000000772b00000)
  from space 10752K, 98% used [0x0000000773580000,0x0000000773fdbba8,0x0000000774000000)
  to   space 10752K, 0% used [0x0000000772b00000,0x0000000772b00000,0x0000000773580000)
 ParOldGen       total 175104K, used 110519K [0x00000006c0000000, 0x00000006cab00000, 0x000000076ab00000)
  object space 175104K, 63% used [0x00000006c0000000,0x00000006c6bede28,0x00000006cab00000)
 Metaspace       used 20076K, capacity 21076K, committed 21248K, reserved 1067008K
  class space    used 2951K, capacity 3214K, committed 3328K, reserved 1048576K
Event: 3.187 GC heap after
Heap after GC invocations=5 (full 1):
 PSYoungGen      total 141824K, used 0K [0x000000076ab00000, 0x0000000774000000, 0x00000007c0000000)
  eden space 131072K, 0% used [0x000000076ab00000,0x000000076ab00000,0x0000000772b00000)
  from space 10752K, 0% used [0x0000000773580000,0x0000000773580000,0x0000000774000000)
  to   space 10752K, 0% used [0x0000000772b00000,0x0000000772b00000,0x0000000773580000)
 ParOldGen       total 189952K, used 51863K [0x00000006c0000000, 0x00000006cb980000, 0x000000076ab00000)
  object space 189952K, 27% used [0x00000006c0000000,0x00000006c32a5d18,0x00000006cb980000)
 Metaspace       used 20072K, capacity 21064K, committed 21248K, reserved 1067008K
  class space    used 2950K, capacity 3212K, committed 3328K, reserved 1048576K
}
Event: 9.690 GC heap before
{Heap before GC invocations=6 (full 1):
 PSYoungGen      total 141824K, used 131072K [0x000000076ab00000, 0x0000000774000000, 0x00000007c0000000)
  eden space 131072K, 100% used [0x000000076ab00000,0x0000000772b00000,0x0000000772b00000)
  from space 10752K, 0% used [0x0000000773580000,0x0000000773580000,0x0000000774000000)
  to   space 10752K, 0% used [0x0000000772b00000,0x0000000772b00000,0x0000000773580000)
 ParOldGen       total 189952K, used 69410K [0x00000006c0000000, 0x00000006cb980000, 0x000000076ab00000)
  object space 189952K, 36% used [0x00000006c0000000,0x00000006c43c88e0,0x00000006cb980000)
 Metaspace       used 21030K, capacity 22110K, committed 22272K, reserved 1069056K
  class space    used 2973K, capacity 3225K, committed 3328K, reserved 1048576K
Event: 9.695 GC heap after
Heap after GC invocations=6 (full 1):
 PSYoungGen      total 141824K, used 8731K [0x000000076ab00000, 0x000000077c780000, 0x00000007c0000000)
  eden space 131072K, 0% used [0x000000076ab00000,0x000000076ab00000,0x0000000772b00000)
  from space 10752K, 81% used [0x0000000772b00000,0x0000000773386da8,0x0000000773580000)
  to   space 27648K, 0% used [0x000000077ac80000,0x000000077ac80000,0x000000077c780000)
 ParOldGen       total 189952K, used 86962K [0x00000006c0000000, 0x00000006cb980000, 0x000000076ab00000)
  object space 189952K, 45% used [0x00000006c0000000,0x00000006c54ec838,0x00000006cb980000)
 Metaspace       used 21030K, capacity 22110K, committed 22272K, reserved 1069056K
  class space    used 2973K, capacity 3225K, committed 3328K, reserved 1048576K
}

